SF:lib/src/fform.dart
DA:63,4
DA:66,2
DA:67,3
DA:68,5
DA:69,2
DA:71,5
DA:72,2
DA:87,1
DA:88,2
DA:101,3
DA:121,0
DA:123,2
DA:124,2
DA:125,2
DA:138,1
DA:139,1
DA:151,1
DA:153,2
DA:155,2
DA:156,1
DA:158,2
DA:160,2
DA:161,1
DA:163,1
DA:175,2
DA:177,4
DA:178,4
DA:189,1
DA:191,2
DA:192,2
DA:204,1
DA:206,2
DA:207,2
DA:218,1
DA:220,2
DA:221,2
DA:234,1
DA:236,1
DA:237,4
DA:238,1
DA:251,2
DA:253,2
DA:254,8
DA:255,2
DA:258,2
DA:259,1
DA:260,2
DA:261,4
DA:262,2
DA:275,1
DA:277,4
DA:279,2
DA:280,6
DA:282,2
DA:283,5
DA:293,1
DA:294,4
DA:304,1
DA:305,1
DA:306,1
DA:317,1
DA:318,1
DA:319,1
DA:320,1
DA:331,1
DA:332,2
DA:342,1
DA:343,2
DA:353,1
DA:354,2
DA:368,2
DA:369,4
DA:371,4
DA:386,1
DA:387,1
DA:400,1
DA:402,4
DA:415,1
DA:417,4
LF:79
LH:78
end_of_record
SF:lib/src/fform_field.dart
DA:21,6
DA:22,6
DA:40,5
DA:41,5
DA:44,3
DA:46,3
DA:47,3
DA:48,3
DA:93,6
DA:95,15
DA:97,5
DA:112,2
DA:113,2
DA:130,6
DA:132,12
DA:134,4
DA:135,6
DA:136,3
DA:137,1
DA:138,3
DA:139,3
DA:141,3
DA:142,3
DA:145,6
DA:146,6
LF:25
LH:25
end_of_record
SF:lib/src/fform_exception.dart
DA:16,2
LF:1
LH:1
end_of_record
SF:lib/src/mixins/cached_validator.dart
DA:42,2
DA:44,4
DA:45,4
DA:46,6
DA:47,2
DA:50,2
DA:52,6
DA:54,6
DA:55,5
DA:58,2
LF:10
LH:10
end_of_record
SF:lib/src/mixins/mixin_async_validator.dart
DA:65,1
DA:67,1
DA:69,3
DA:71,1
DA:72,1
LF:5
LH:5
end_of_record
SF:lib/src/widgets/fform_builder.dart
DA:47,1
DA:101,1
DA:102,1
DA:103,1
DA:104,2
DA:105,1
DA:106,1
DA:107,3
DA:109,1
LF:9
LH:9
end_of_record
SF:lib/src/widgets/fform_provider.dart
DA:36,2
DA:40,2
DA:61,2
DA:65,2
DA:66,2
DA:67,1
DA:69,2
DA:89,2
DA:90,3
DA:104,2
DA:106,6
LF:11
LH:11
end_of_record
