SF:lib/src/fform_field.dart
DA:12,2
DA:13,2
DA:19,2
DA:20,2
DA:22,1
DA:24,1
DA:25,1
DA:26,1
DA:33,2
DA:35,5
DA:36,2
DA:37,1
DA:42,1
DA:43,1
DA:47,2
DA:49,4
DA:52,2
DA:54,2
DA:56,1
DA:57,1
DA:58,1
DA:61,1
DA:63,1
DA:67,4
DA:69,2
DA:70,0
DA:71,0
DA:74,2
LF:28
LH:26
end_of_record
SF:lib/src/fform.dart
DA:18,3
DA:22,3
DA:23,0
DA:25,3
DA:26,0
DA:37,0
DA:39,0
DA:40,0
DA:42,0
DA:43,0
DA:45,0
DA:47,0
DA:48,0
DA:53,0
DA:54,0
DA:58,1
DA:60,2
DA:61,2
DA:65,1
DA:67,2
DA:68,2
DA:72,1
DA:74,2
DA:75,2
DA:79,0
DA:81,0
DA:82,0
DA:86,1
DA:88,4
DA:89,1
DA:93,1
DA:95,4
DA:96,1
DA:99,1
DA:100,1
DA:101,1
DA:102,1
DA:106,0
DA:107,0
DA:110,4
DA:112,4
DA:115,1
DA:116,5
DA:119,1
DA:120,1
DA:121,1
DA:125,1
DA:126,1
DA:127,1
DA:128,1
DA:132,0
DA:133,0
DA:136,0
DA:137,0
DA:140,1
DA:141,4
DA:144,1
DA:145,4
DA:148,1
DA:149,1
DA:152,1
DA:154,4
DA:157,1
DA:158,4
LF:64
LH:43
end_of_record
SF:lib/src/mixins/mixin_async_validator.dart
DA:26,0
DA:28,0
DA:32,0
DA:33,0
DA:36,0
DA:39,0
DA:42,0
LF:7
LH:0
end_of_record
SF:lib/src/widgets/fform_builder.dart
DA:11,1
DA:24,1
DA:25,1
DA:26,1
DA:27,2
DA:28,1
DA:29,1
DA:30,3
DA:32,1
LF:9
LH:9
end_of_record
SF:lib/src/widgets/fform_provider.dart
DA:8,2
DA:12,2
DA:15,2
DA:16,4
DA:17,1
DA:19,1
DA:20,1
DA:23,2
DA:24,3
DA:26,2
DA:27,6
LF:11
LH:11
end_of_record
